<?xml version="1.0" encoding="UTF-8"?>
<testng-results ignored="0" total="9" passed="9" failed="0" skipped="0">
  <reporter-output>
  </reporter-output>
  <suite started-at="2022-09-01T01:39:13 WIB" name="Default suite" finished-at="2022-09-01T01:41:04 WIB" duration-ms="111020">
    <groups>
      <group name="cucumber">
        <method signature="AbstractTestNGCucumberTests.runScenario(io.cucumber.testng.PickleWrapper,io.cucumber.testng.FeatureWrapper)[pri:0, instance:com.juaracoding.demoqamix.TestDemoRunner@26e356f0]" name="runScenario" class="io.cucumber.testng.AbstractTestNGCucumberTests"/>
      </group> <!-- cucumber -->
    </groups>
    <test started-at="2022-09-01T01:39:13 WIB" name="Default test" finished-at="2022-09-01T01:41:04 WIB" duration-ms="111020">
      <class name="com.juaracoding.demoqamix.TestDemoRunner">
        <test-method is-config="true" signature="setUpClass(org.testng.ITestContext)[pri:0, instance:com.juaracoding.demoqamix.TestDemoRunner@26e356f0]" started-at="2022-09-01T01:39:13 WIB" name="setUpClass" finished-at="2022-09-01T01:39:14 WIB" duration-ms="1260" status="PASS">
          <params>
            <param index="0">
              <value>
                <![CDATA[org.testng.TestRunner@21002393]]>
              </value>
            </param>
          </params>
          <reporter-output>
          </reporter-output>
        </test-method> <!-- setUpClass -->
        <test-method signature="runScenario(io.cucumber.testng.PickleWrapper,io.cucumber.testng.FeatureWrapper)[pri:0, instance:com.juaracoding.demoqamix.TestDemoRunner@26e356f0]" started-at="2022-09-01T01:39:14 WIB" name="runScenario" description="Runs Cucumber Scenarios" data-provider="scenarios" finished-at="2022-09-01T01:39:38 WIB" duration-ms="23866" status="PASS">
          <params>
            <param index="0">
              <value>
                <![CDATA["User regis"]]>
              </value>
            </param>
            <param index="1">
              <value>
                <![CDATA["Demoqa"]]>
              </value>
            </param>
          </params>
          <reporter-output>
          </reporter-output>
        </test-method> <!-- runScenario -->
        <test-method signature="runScenario(io.cucumber.testng.PickleWrapper,io.cucumber.testng.FeatureWrapper)[pri:0, instance:com.juaracoding.demoqamix.TestDemoRunner@26e356f0]" started-at="2022-09-01T01:39:38 WIB" name="runScenario" description="Runs Cucumber Scenarios" data-provider="scenarios" finished-at="2022-09-01T01:39:45 WIB" duration-ms="7370" status="PASS">
          <params>
            <param index="0">
              <value>
                <![CDATA["User Login"]]>
              </value>
            </param>
            <param index="1">
              <value>
                <![CDATA["Demoqa"]]>
              </value>
            </param>
          </params>
          <reporter-output>
          </reporter-output>
        </test-method> <!-- runScenario -->
        <test-method signature="runScenario(io.cucumber.testng.PickleWrapper,io.cucumber.testng.FeatureWrapper)[pri:0, instance:com.juaracoding.demoqamix.TestDemoRunner@26e356f0]" started-at="2022-09-01T01:39:45 WIB" name="runScenario" description="Runs Cucumber Scenarios" data-provider="scenarios" finished-at="2022-09-01T01:40:06 WIB" duration-ms="21249" status="PASS">
          <params>
            <param index="0">
              <value>
                <![CDATA["Select Wishlist1"]]>
              </value>
            </param>
            <param index="1">
              <value>
                <![CDATA["Demoqa"]]>
              </value>
            </param>
          </params>
          <reporter-output>
          </reporter-output>
        </test-method> <!-- runScenario -->
        <test-method signature="runScenario(io.cucumber.testng.PickleWrapper,io.cucumber.testng.FeatureWrapper)[pri:0, instance:com.juaracoding.demoqamix.TestDemoRunner@26e356f0]" started-at="2022-09-01T01:40:06 WIB" name="runScenario" description="Runs Cucumber Scenarios" data-provider="scenarios" finished-at="2022-09-01T01:40:19 WIB" duration-ms="12166" status="PASS">
          <params>
            <param index="0">
              <value>
                <![CDATA["Select Wishlist2"]]>
              </value>
            </param>
            <param index="1">
              <value>
                <![CDATA["Demoqa"]]>
              </value>
            </param>
          </params>
          <reporter-output>
          </reporter-output>
        </test-method> <!-- runScenario -->
        <test-method signature="runScenario(io.cucumber.testng.PickleWrapper,io.cucumber.testng.FeatureWrapper)[pri:0, instance:com.juaracoding.demoqamix.TestDemoRunner@26e356f0]" started-at="2022-09-01T01:40:19 WIB" name="runScenario" description="Runs Cucumber Scenarios" data-provider="scenarios" finished-at="2022-09-01T01:40:27 WIB" duration-ms="8067" status="PASS">
          <params>
            <param index="0">
              <value>
                <![CDATA["Select Options Item1"]]>
              </value>
            </param>
            <param index="1">
              <value>
                <![CDATA["Demoqa"]]>
              </value>
            </param>
          </params>
          <reporter-output>
          </reporter-output>
        </test-method> <!-- runScenario -->
        <test-method signature="runScenario(io.cucumber.testng.PickleWrapper,io.cucumber.testng.FeatureWrapper)[pri:0, instance:com.juaracoding.demoqamix.TestDemoRunner@26e356f0]" started-at="2022-09-01T01:40:27 WIB" name="runScenario" description="Runs Cucumber Scenarios" data-provider="scenarios" finished-at="2022-09-01T01:40:34 WIB" duration-ms="7434" status="PASS">
          <params>
            <param index="0">
              <value>
                <![CDATA["Select Options Item2"]]>
              </value>
            </param>
            <param index="1">
              <value>
                <![CDATA["Demoqa"]]>
              </value>
            </param>
          </params>
          <reporter-output>
          </reporter-output>
        </test-method> <!-- runScenario -->
        <test-method signature="runScenario(io.cucumber.testng.PickleWrapper,io.cucumber.testng.FeatureWrapper)[pri:0, instance:com.juaracoding.demoqamix.TestDemoRunner@26e356f0]" started-at="2022-09-01T01:40:34 WIB" name="runScenario" description="Runs Cucumber Scenarios" data-provider="scenarios" finished-at="2022-09-01T01:40:44 WIB" duration-ms="10384" status="PASS">
          <params>
            <param index="0">
              <value>
                <![CDATA["Show Cart"]]>
              </value>
            </param>
            <param index="1">
              <value>
                <![CDATA["Demoqa"]]>
              </value>
            </param>
          </params>
          <reporter-output>
          </reporter-output>
        </test-method> <!-- runScenario -->
        <test-method signature="runScenario(io.cucumber.testng.PickleWrapper,io.cucumber.testng.FeatureWrapper)[pri:0, instance:com.juaracoding.demoqamix.TestDemoRunner@26e356f0]" started-at="2022-09-01T01:40:44 WIB" name="runScenario" description="Runs Cucumber Scenarios" data-provider="scenarios" finished-at="2022-09-01T01:40:52 WIB" duration-ms="7697" status="PASS">
          <params>
            <param index="0">
              <value>
                <![CDATA["Checkout"]]>
              </value>
            </param>
            <param index="1">
              <value>
                <![CDATA["Demoqa"]]>
              </value>
            </param>
          </params>
          <reporter-output>
          </reporter-output>
        </test-method> <!-- runScenario -->
        <test-method signature="runScenario(io.cucumber.testng.PickleWrapper,io.cucumber.testng.FeatureWrapper)[pri:0, instance:com.juaracoding.demoqamix.TestDemoRunner@26e356f0]" started-at="2022-09-01T01:40:52 WIB" name="runScenario" description="Runs Cucumber Scenarios" data-provider="scenarios" finished-at="2022-09-01T01:41:00 WIB" duration-ms="7735" status="PASS">
          <params>
            <param index="0">
              <value>
                <![CDATA["User Logout"]]>
              </value>
            </param>
            <param index="1">
              <value>
                <![CDATA["Demoqa"]]>
              </value>
            </param>
          </params>
          <reporter-output>
          </reporter-output>
        </test-method> <!-- runScenario -->
        <test-method is-config="true" signature="tearDownClass()[pri:0, instance:com.juaracoding.demoqamix.TestDemoRunner@26e356f0]" started-at="2022-09-01T01:41:00 WIB" name="tearDownClass" finished-at="2022-09-01T01:41:04 WIB" duration-ms="3690" status="PASS">
          <reporter-output>
          </reporter-output>
        </test-method> <!-- tearDownClass -->
      </class> <!-- com.juaracoding.demoqamix.TestDemoRunner -->
    </test> <!-- Default test -->
  </suite> <!-- Default suite -->
</testng-results>
